<?xml version="1.0" encoding="UTF-8"?>
<testng-results skipped="0" failed="0" ignored="0" total="1" passed="1">
  <reporter-output>
  </reporter-output>
  <suite name="Command line suite" duration-ms="6554" started-at="2019-06-11T09:52:54Z" finished-at="2019-06-11T09:53:00Z">
    <groups>
      <group name="cucumber">
        <method signature="AbstractTestNGCucumberTests.feature(cucumber.api.testng.CucumberFeatureWrapper)[pri:0, instance:cucumberTests.TestRunner@7946e1f4]" name="feature" class="cucumber.api.testng.AbstractTestNGCucumberTests"/>
      </group> <!-- cucumber -->
    </groups>
    <test name="Command line test" duration-ms="6554" started-at="2019-06-11T09:52:54Z" finished-at="2019-06-11T09:53:00Z">
      <class name="cucumberTests.TestRunner">
        <test-method status="PASS" signature="setUpClass()[pri:0, instance:cucumberTests.TestRunner@7946e1f4]" name="setUpClass" is-config="true" duration-ms="223" started-at="2019-06-11T09:52:54Z" finished-at="2019-06-11T09:52:54Z">
          <reporter-output>
          </reporter-output>
        </test-method> <!-- setUpClass -->
        <test-method status="PASS" signature="setUp()[pri:0, instance:cucumberTests.TestRunner@7946e1f4]" name="setUp" is-config="true" duration-ms="4969" started-at="2019-06-11T09:52:54Z" finished-at="2019-06-11T09:52:59Z">
          <reporter-output>
          </reporter-output>
        </test-method> <!-- setUp -->
        <test-method status="PASS" signature="feature(cucumber.api.testng.CucumberFeatureWrapper)[pri:0, instance:cucumberTests.TestRunner@7946e1f4]" name="feature" duration-ms="39" started-at="2019-06-11T09:52:59Z" description="Runs Cucumber Feature" data-provider="features" finished-at="2019-06-11T09:52:59Z">
          <params>
            <param index="0">
              <value>
                <![CDATA[CucumberJava]]>
              </value>
            </param>
          </params>
          <reporter-output>
          </reporter-output>
        </test-method> <!-- feature -->
        <test-method status="PASS" signature="tearDown()[pri:0, instance:cucumberTests.TestRunner@7946e1f4]" name="tearDown" is-config="true" duration-ms="1201" started-at="2019-06-11T09:52:59Z" finished-at="2019-06-11T09:53:00Z">
          <reporter-output>
          </reporter-output>
        </test-method> <!-- tearDown -->
        <test-method status="PASS" signature="tearDownClass()[pri:0, instance:cucumberTests.TestRunner@7946e1f4]" name="tearDownClass" is-config="true" duration-ms="20" started-at="2019-06-11T09:53:00Z" finished-at="2019-06-11T09:53:00Z">
          <reporter-output>
          </reporter-output>
        </test-method> <!-- tearDownClass -->
      </class> <!-- cucumberTests.TestRunner -->
    </test> <!-- Command line test -->
  </suite> <!-- Command line suite -->
</testng-results>
